\BOOKMARK [1][-]{section.1}{Introduction}{}% 1
\BOOKMARK [2][-]{subsection.1.1}{Installation}{section.1}% 2
\BOOKMARK [3][-]{subsubsection.1.1.1}{Using pip}{subsection.1.1}% 3
\BOOKMARK [3][-]{subsubsection.1.1.2}{Using setuptools}{subsection.1.1}% 4
\BOOKMARK [3][-]{subsubsection.1.1.3}{Using Anaconda \(Mac OSX only\)}{subsection.1.1}% 5
\BOOKMARK [2][-]{subsection.1.2}{The PHS formalism}{section.1}% 6
\BOOKMARK [1][-]{section.2}{Overview}{}% 7
\BOOKMARK [2][-]{subsection.2.1}{The symbs module}{section.2}% 8
\BOOKMARK [2][-]{subsection.2.2}{The exprs module}{section.2}% 9
\BOOKMARK [2][-]{subsection.2.3}{The dims module}{section.2}% 10
\BOOKMARK [1][-]{section.3}{Recall on Port-Hamiltonian Systems}{}% 11
\BOOKMARK [2][-]{subsection.3.1}{PHSCore}{section.3}% 12
\BOOKMARK [3][-]{subsubsection.3.1.1}{Attributes}{subsection.3.1}% 13
\BOOKMARK [3][-]{subsubsection.3.1.2}{Methods}{subsection.3.1}% 14
\BOOKMARK [1][-]{section.4}{Finite dimensionnal dynamical network}{}% 15
\BOOKMARK [2][-]{subsection.4.1}{PHSNetlist}{section.4}% 16
\BOOKMARK [2][-]{subsection.4.2}{PHSGraph}{section.4}% 17
\BOOKMARK [1][-]{section.5}{Numerical Methods}{}% 18
\BOOKMARK [2][-]{subsection.5.1}{PHSNumericalMethod}{section.5}% 19
\BOOKMARK [2][-]{subsection.5.2}{PHSNumericalMethodStandard}{section.5}% 20
\BOOKMARK [1][-]{appendix.A}{Algorithms}{}% 21
\BOOKMARK [2][-]{subsection.A.1}{Graph analysis}{appendix.A}% 22
\BOOKMARK [2][-]{subsection.A.2}{Simulation methods}{appendix.A}% 23
\BOOKMARK [3][-]{subsubsection.A.2.1}{Split of the linear part from the nonlinear part}{subsection.A.2}% 24
\BOOKMARK [3][-]{subsubsection.A.2.2}{Presolve numerical nonlinear subsystem}{subsection.A.2}% 25
\BOOKMARK [3][-]{subsubsection.A.2.3}{Algorithm}{subsection.A.2}% 26
\BOOKMARK [2][-]{subsection.A.3}{Realizability solver}{appendix.A}% 27
\BOOKMARK [1][-]{appendix.B}{Connectors: Gyrators and Transformers}{}% 28
\BOOKMARK [2][-]{subsection.B.1}{Gyrator}{appendix.B}% 29
\BOOKMARK [2][-]{subsection.B.2}{Transformer}{appendix.B}% 30
\BOOKMARK [1][-]{appendix.C}{Fractional calculus}{}% 31
\BOOKMARK [2][-]{subsection.C.1}{Fractional integrator}{appendix.C}% 32
\BOOKMARK [2][-]{subsection.C.2}{Fractional differentiator}{appendix.C}% 33
\BOOKMARK [2][-]{subsection.C.3}{Finite order approximation}{appendix.C}% 34
