This is pdfTeX, Version 3.14159265-2.6-1.40.15 (TeX Live 2014) (preloaded format=pdflatex 2016.5.23)  25 JUN 2016 15:05
entering extended mode
 restricted \write18 enabled.
 %&-line parsing enabled.
**mes_commandes.tex
(./mes_commandes.tex
LaTeX2e <2014/05/01>
Babel <3.9k> and hyphenation patterns for 78 languages loaded.
(./ma_config.tex))
! Emergency stop.
<*> mes_commandes.tex
                     
*** (job aborted, no legal \end found)

 
Here is how much of TeX's memory you used:
 35 strings out of 493117
 269 string characters out of 6135433
 52909 words of memory out of 5000000
 3595 multiletter control sequences out of 15000+600000
 3640 words of font info for 14 fonts, out of 8000000 for 9000
 1141 hyphenation exceptions out of 8191
 9i,0n,6p,97b,8s stack positions out of 5000i,500n,10000p,200000b,80000s
!  ==> Fatal error occurred, no output PDF file produced!
